[  000000] itialzincgoup ssy cpuset
[   00000 Intiizng cgroup subsys cpu
[   000000] Initializg roupsubsys cuact
[   0.000] Linuxx versio4..0-1-gneri (ilddlc1-md64-006) (ccersion5.0 0106 (Ubuntu 4.-6ubtu~1.05)) 24bunttu SMP Fri Nov 10 18:29:9 C 2017 (Ubtu4.4.10.124enric 4.4.95)
  0.000000] Command line: BOOT_IME=boovminuz.40-101-generic root=LABEL=cloumgrootfs ro console=tty1 console=ty
[   0.0000 KERL upported cpus:
[   00000]   Intel GenuineIntel
[   .00000] AD AutntAMD
  0.0000]   CnturentaurHls
[    000000] x8/fpuxsate_offset[2]:  576, xstat_ses[2]:  56[   .00000] x86/fpu: SupportinXSVE feature 01 'x87 floating poin rgistrs'
[    0.0000 x6/fpu: Supportig XSAVE feature 0x02: 'SS regsters'
[  0.00000] x6/u: Spporting XSAVE eatur 04: 'A rgists'
[   0.0000] 6/pu: nale xta fatre0x7, conxtsize is 83 bes, usin 'standrd format.
[    0.000000] x86/fpu: Using la' FPU contextswches.
  0.0000] e80: BS-rovidephsialRAM ap
[  0.000]BIOS-e820: [mem 0x00000000000-0x00000000fbf] usle
[    0.000000] BIOS-e820: [mem 0x000000000fc-000000000009ff] seed
  0.0000 BIO-e0: [mem 0x0000000000000x000000000fff] seve
[  0.0000]IOS-e0:[m 000000010000x00000003effff]sale
  0.0000 BIS-e8: [em 00000003fff0000-0000003fffffff] ACPI da
[    0.000000] BIOS-e820: [mem 0x000000fec00000-0x00000000fec00fff] reserved
[    0.000000] BIOS-e820: [mem 0x00000000fee00000-0x00000000fee00fff] reserved
[    0.000000] BIOS-e820: [mem 0x00000000fffc0000-0x00000000ffffffff] reserved
[    0.000000] NX (Execute Disable) protecton: active
[    000000 SMBIOS 2.5 preseent.
[    0.000000] Hypervior detected: KVM
[    0.000000] e820: astpfn = 0x3fff0max_ah_pfn 0x000000
[    0.000000] MTRR: Disbld
[    0.000000] x86/PAT: MTRs disabedskipng PAT initializatin to.[    00000 CPU MTRR a blank vitualiedyste
[   0.00] x86AT: Cofigurti [-7]:     UCUC WB  WT  UC- UC  [   000000 fnd SMP MP-tabe a [mem x0009f0x000ffff] mapedat [ff800009f0]
[   0.000]caning 1 areasorlow emy orpton
[    0.00000 RMDISK[mem 0x36af000x36ffff
[   0.00000ACI: Erly table cecksum riicatn isabld    .0000]ACI:SDP 000000000000E00 0004 v02BO  )
  0.0000 ACP XDT 0x000003FF00 0003C (v01 VBOX   OXSDT 000001 ASL  000061)
[   0.0000 API: FAC0x000000FF0F0 000 (v04 BO  VBOXFACP 00000001ASL 00000006)[    0.000000] ACPI: DSDT 0x00000003FFF0470 0021FF (v02 VBOX   VBOXIO 00000002 NT201008)
[  0.0000 API: CS0x00003FFF0200 000040
[    00000]AC: FACS 00000003FFF0200004
  0.000] ACPI AC x0000003FF00 00005C (v2 VBO   VBAPC 00001 SL  00001)
[   0.0000]ACI:SDT 00000003FFA00001CCv0VBOX VOXCT 00002 TL 2010052)[    0.000] N NA conigaton found
[    0.000000] Faking a ne t me0x000000000000-000000feffff]
[    0.000000] NOD_DAT(0alocat [m 0x3ffeb000-0x3feff]
[  00000]vm-cck Usingsr 4b64d ad 4b4d0
[   .00000] kvm-lo: cpu 0, msr 0:3ffe301,rima cp clock
[   .00000] kvm-clock:usg chedfft of 9150529 cycles
[    0.000000] clocksource: kvmclk: mask:0xfffffffffff max_cyes: x1424df, ax_ide_: 88150591483 ns
[    0.0000 Zon ranges:
[  0.000000]   DMA      [m x000000000000x000000fffff]
[  .00000] DA32  [mm 0x000001000-0x000003ffeff]
[   0.000000]   Normal  pty   0.0000   eve   pt
[    0.0000 Mvable onestt for each de
   000000 Erlmemory node ranges
[    0.00000]  od   0[mem0x00000000000-0x00000000efff][   0.000]  od  0: me0x0000000000000-0x000000003ffefff]
[  0.0000 Iitm stu nod0 mem 0x0000000000001000-00000003fff]
[    0.00000] PI: PM-TimeIOPort0x008[   0000] IOAPIC0]apic_id , rson 3 adrs 0fe00000 G 0-2
[  .000] AC: NT_S_OR (b 0bus_q  globl_q  dflfl)
[  0.00000]ACPI IT_SRCVRbus  b_irq 9 global_irq  l lev)
[   .000000 UngACPI AD) foSM cnfuration foation    .0000] smbo: Allowin 2PUs, htplugCPUs
[  0.000]M: Regitered nosave mory[mem 0x0000000-000000f]
[    00000]M:Regierd sa memy:[mem 0x09f00-000ffff]
[  0.000] P Rgierd nove emo: mem 0x000a0000-0x000eff
[    00000 PM: Rgistered nosave memory:[mem 0x00f000x000fffff]
[   0.0000e8: [me 040000-xfebfff available for PCI devices[   0.0000 Boongpavituaze kerneonVM
  0.0000]clocksour: efinejifies:as: 0ffffff maxycles: xfffff, x_dle_n 76551902568 s    0.000] setup_percpu: NR_CPUS:2 r_cpma_bit51nr_cu_s:2 nrod_i:1
[  .00000PECPU Eeded 34pas/cpu fff88003c00000 s988 8192 d32744 u104857
[    0.000000] V spinlk sh tle etries 2 (order: 0, 4096 bytes)
[   0000] ilt 1 zonelistts iNoe de, moily roupig .  Ttapage 2913
[  00000] licy zneDMA3
[   .000] ernel command line: BOOT_IMAGE=/boot/vmlinuz4.4.0-1-genericoo=LAB=cloudimgrotfs ro nsle=tt csole=tS0
[   .00000] P hash table entries: 496orer: 3, 32768 bytes)
  0.000000] Mery:10012K1048120Kvalable 84K keelcode 14K rwdta3988K roda, 492Kinit, 1316K bss, 46308Kreseve 0 cmaesrved)
   0.0000 SLUB: algn=64, Orer-3, inObct=0, Us, Nodes
  0.00000] errchicl U imemntatn.
[    00000] Bud-ime jutmt ofle fnot  64.
  0.0000 	RCUrestctin CUsrom R_CS=512 to ncpids=.
[  0.000000] RCU Ausingeotry r cuant_leaf=64, nr_cpuds2
[    .0000] NRRQ:334 r_irs:40 16
  0.000]onsole: colour VG+ 80x25[   .00000] console [tty1] enabld[    00000] conol[ttyS0] enabled
[  0000000] tsc: Detected 2496.004 MHz processor
[   24.657287] Calibrating delay loop (skipped) preset value.. 4992.00 BogoMIPS (lpj=9984016)
[   24.730461] pid_max: default: 32768 minimum: 301
[   24.781584] ACPI: Core revision 20150930
[   24.829368] ACPI: 2 ACPI AML tables successfully acquired and loaded
[   24.906118] Security Framework initialized
[   24.988581] Yama: becoming mindful.
[   24.997134] AppArmor: AppArmor initialized
[   25.039018] Dentry cache hash table entries: 131072 (order: 8, 1048576 bytes)
[   25.122688] Inode-cache hash table entries: 65536 (order: 7, 524288 bytes)
[   25.287683] Mount-cache hash table entries: 2048 (order: 2, 16384 bytes)
[   25.385918] Mountpoint-cache hash table entries: 2048 (order: 2, 16384 bytes)
[   25.490634] Initializing cgroup subsys io
[   25.542808] Initializing cgroup subsys memory
[   25.629196] Initializing cgroup subsys devices
[   25.724596] Initializing cgroup subsys freezer
[   25.805701] Initializing cgroup subsys net_cls
[   25.870655] Initializing cgroup subsys perf_event
[   25.959290] Initializing cgroup subsys net_prio
[   26.017289] Initializing cgroup subsys hugetlb
[   26.076794] Initializing cgroup subsys pids
[   26.133815] CPU: Physical Processor ID: 0
[   26.162607] CPU: Processor Core ID: 0
[   26.219773] mce: CPU supports 0 MCE banks
[   26.298526] Last level iTLB entries: 4KB 128, 2MB 8, 4MB 8
[   26.375926] Last level dTLB entries: 4KB 64, 2MB 0, 4MB 0, 1GB 4
[   26.520734] Freeing SMP alternatives memory: 32K
[   26.643500] ftrace: allocating 32156 entries in 126 pages
[   26.772916] smpboot: APIC(0) Converting physical 0 to logical package 0
[   26.838083] smpboot: Max logical packages: 1
[   26.866512] x2apic enabled
[   26.885058] Switched APIC routing to physical x2apic.
[   26.949083] ..TIMER: vector=0x30 apic1=0 pin1=2 apic2=-1 pin2=-1
[   27.126735] smpboot: CPU0: Intel(R) Core(TM) i5-7300HQ CPU @ 2.50GHz (family: 0x6, model: 0x9e, stepping: 0x9)
[   27.270894] Performance Events: unsupported p6 CPU model 158 no PMU driver, software events only.
[   27.325055] KVM setup paravirtual spinlock
[   27.366783] x86: Booting SMP configuration:
[   27.436807] .... node  #0, CPUs:      #1
[   27.510940] kvm-clock: cpu 1, msr 0:3ffe3041, secondary cpu clock
[   27.583594] mce: CPU supports 0 MCE banks
[   27.595526] x86: Booted up 1 node, 2 CPUs
[   27.677139] smpboot: Total of 2 processors activated (9984.01 BogoMIPS)
[   27.729086] devtmpfs: initialized
[   27.783305] evm: security.selinux
[   27.805528] evm: security.SMACK64
[   27.854114] evm: security.SMACK64EXEC
[   27.900634] evm: security.SMACK64TRANSMUTE
[   27.968759] evm: security.SMACK64MMAP
[   28.013387] evm: security.ima
[   28.079789] evm: security.capability
[   28.116465] clocksource: jiffies: mask: 0xffffffff max_cycles: 0xffffffff, max_idle_ns: 7645041785100000 ns
[   28.276163] futex hash table entries: 512 (order: 3, 32768 bytes)
[   28.384947] pinctrl core: initialized pinctrl subsystem
[   28.476992] RTC time:  3:44:23, date: 12/01/17
[   28.568847] NET: Registered protocol family 16
[   28.664327] cpuidle: using governor ladder
[   28.748985] cpuidle: using governor menu
[   28.798206] PCCT header not found.
[   28.835833] ACPI: bus type PCI registered
[   28.876424] acpiphp: ACPI Hot Plug PCI Controller Driver version: 0.5
[   28.905121] PCI: Using configuration type 1 for base access
[   29.008672] ACPI: Added _OSI(Module Device)
[   29.081561] ACPI: Added _OSI(Processor Device)
[   29.164006] ACPI: Added _OSI(3.0 _SCP Extensions)
[   29.261879] ACPI: Added _OSI(Processor Aggregator Device)
[   29.307505] ACPI: Executed 1 blocks of module-level executable AML code
[   29.397286] ACPI: Interpreter enabled
[   29.478161] ACPI: (supports S0 S5)
[   29.536768] ACPI: Using IOAPIC for interrupt routing
[   29.643417] PCI: Using host bridge windows from ACPI; if necessary, use "pci=nocrs" and report a bug
[   29.781747] ACPI: PCI Root Bridge [PCI0] (domain 0000 [bus 00-ff])
[   29.858738] acpi PNP0A03:00: _OSC: OS supports [ASPM ClockPM Segments MSI]
[   29.883611] acpi PNP0A03:00: _OSC: not requesting OS control; OS requires [ExtendedConfig ASPM ClockPM MSI]
[   30.005889] acpi PNP0A03:00: fail to add MMCONFIG information, can't access extended PCI configuration space under this bridge.
[   30.138122] PCI host bridge to bus 0000:00
[   30.185515] pci_bus 0000:00: root bus resource [io  0x0000-0x0cf7 window]
[   30.221667] pci_bus 0000:00: root bus resource [io  0x0d00-0xffff window]
[   30.295796] pci_bus 0000:00: root bus resource [mem 0x000a0000-0x000bffff window]
[   30.338286] pci_bus 0000:00: root bus resource [mem 0x40000000-0xfdffffff window]
[   30.428134] pci_bus 0000:00: root bus resource [bus 00-ff]
[   30.528805] pci 0000:00:01.1: legacy IDE quirk: reg 0x10: [io  0x01f0-0x01f7]
[   30.686708] pci 0000:00:01.1: legacy IDE quirk: reg 0x14: [io  0x03f6]
[   30.786450] pci 0000:00:01.1: legacy IDE quirk: reg 0x18: [io  0x0170-0x0177]
[   30.878361] pci 0000:00:01.1: legacy IDE quirk: reg 0x1c: [io  0x0376]
[   30.992908] pci 0000:00:07.0: quirk: [io  0x4000-0x403f] claimed by PIIX4 ACPI
[   31.127871] pci 0000:00:07.0: quirk: [io  0x4100-0x410f] claimed by PIIX4 SMB
[   31.232173] ACPI: PCI Interrupt Link [LNKA] (IRQs 5 9 10 *11)
[   31.329934] ACPI: PCI Interrupt Link [LNKB] (IRQs 5 9 *10 11)
[   31.363669] ACPI: PCI Interrupt Link [LNKC] (IRQs 5 *9 10 11)
[   31.468351] ACPI: PCI Interrupt Link [LNKD] (IRQs 5 9 10 *11)
[   31.519882] ACPI: Enabled 2 GPEs in block 00 to 07
[   31.608460] vgaarb: setting as boot device: PCI:0000:00:02.0
[   31.660295] vgaarb: device added: PCI:0000:00:02.0,decodes=io+mem,owns=io+mem,locks=none
[   31.784938] vgaarb: loaded
[   31.828067] vgaarb: bridge control possible 0000:00:02.0
[   31.884115] SCSI subsystem initialized
[   31.899048] ACPI: bus type USB registered
[   31.930780] usbcore: registered new interface driver usbfs
[   31.944654] usbcore: registered new interface driver hub
[   32.000089] usbcore: registered new device driver usb
[   32.048096] PCI: Using ACPI for IRQ routing
[   32.091713] NetLabel: Initializing
[   32.107636] NetLabel:  domain hash size = 128
[   32.145133] NetLabel:  protocols = UNLABELED CIPSOv4
[   32.187719] NetLabel:  unlabeled traffic allowed by default
[   32.263060] amd_nb: Cannot enumerate AMD northbridges
[   32.335567] clocksource: Switched to clocksource kvm-clock
[   3.461] pAorAprm FesteEnbled
  33.02049]npPn ACP it  3359525] p: P PIfod deces

[   33.881484] clocksource: acpi_pm: mask: 0xffffff max_cycles: 0xffffff, max_idle_ns: 2085701024 ns
[   34.001250] NET: Registered protocol family 2
[   34.033181] TCP established hash table entries: 8192 (order: 4, 65536 bytes)
[   34.049171] TCP bind hash table entries: 8192 (order: 5, 131072 bytes)
[   34.050271] TCP: Hash tables configured (established 8192 bind 8192)
[   34.075250] UDP hash table entries: 512 (order: 2, 16384 bytes)
[   34.123388] UDP-Lite hash table entries: 512 (order: 2, 16384 bytes)
[   34.172972] NET: Registered protocol family 1
[   34.214365] pci 0000:00:00.0: Limiting direct PCI/PCI transfers
[   34.243264] pci 0000:00:01.0: Activating ISA DMA hang workarounds
[   34.285817] Unpacking initramfs...
[   6.446110] Freininrdemy: 10752K

[   36.7204 ptfm rc_cosreisted atorRTdeic(nPNdeceound
[ 37829]cainfolow memory corrptn ever 6 scods[ 3833734]scReneTSclksoce calibration: 2495.790 MHz

[   38.84820 cckurce tscma: ffffffffff max_cycles: 023b04ccmaxdlns4495334ns
[   38.848682] audi: initializing netlink subsys (disabled)

[   38.848706] audit: type=2000 audit(1512099847.782:1): initialized
[   38.849012] Initialise system trusted keyring
[   38.849112] HugeTLB registered 2 MB page size, pre-allocated 0 pages
[   38.850632] zbud: loaded
[   38.850819] VFS: Disk quotas dquot_6.6.0
[   38.850862] VFS: Dquot-cache hash table entries: 512 (order 0, 4096 bytes)
[   38.851054] squashfs: version 4.0 (2009/01/31) Phillip Lougher
[   38.851358] fuse init (API version 7.23)
[   38.851450] Key type big_key registered
[   38.851466] Allocating IMA MOK and blacklist keyrings.
[   38.851693] Key type asymmetric registered
[   38.851699] Asymmetric key parser 'x509' registered
[   38.851742] Block layer SCSI generic (bsg) driver version 0.4 loaded (major 249)
[   38.851760] io scheduler noop registered
[   38.851762] io scheduler deadline registered (default)
[   38.851867] io scheduler cfq registered
[   38.851949] pci_hotplug: PCI Hot Plug PCI Core version: 0.5
[   38.851952] pciehp: PCI Express Hot Plug Controller Driver version: 0.4
[   38.852117] ACPI: AC Adapter [AC] (on-line)
[   38.852179] input: Power Button as /devices/LNXSYSTM:00/LNXPWRBN:00/input/input0
[   38.852182] ACPI: Power Button [PWRF]
[   38.852331] input: Sleep Button as /devices/LNXSYSTM:00/LNXSLPBN:00/input/input1
[   38.852333] ACPI: Sleep Button [SLPF]
[   38.852493] GHES: HEST is not enabled!
[   38.852562] Serial: 8250/16550 driver, 32 ports, IRQ sharing enabled
[   40.007773] 00:02: ttyS0 at I/O 0x3f8 (irq = 4, base_baud = 115200) is a 16550A
[   40.047577] Linux agpgart interface v0.103
[   40.049356] loop: module loaded
[   40.049797] scsi host0: ata_piix
[   40.049843] scsi host1: ata_piix
[   40.049867] ata1: PATA max UDMA/33 cmd 0x1f0 ctl 0x3f6 bmdma 0xd000 irq 14
[   40.049868] ata2: PATA max UDMA/33 cmd 0x170 ctl 0x376 bmdma 0xd008 irq 15
[   40.049929] libphy: Fixed MDIO Bus: probed
[   40.049932] tun: Universal TUN/TAP device driver, 1.6
[   40.049932] tun: (C) 1999-2004 Max Krasnyansky <maxk@qualcomm.com>
[   40.049963] PPP generic driver version 2.4.2
[   40.050020] ehci_hcd: USB 2.0 'Enhanced' Host Controller (EHCI) Driver
[   40.050025] ehci-pci: EHCI PCI platform driver
[   40.050036] ehci-platform: EHCI generic platform driver
[   40.050044] ohci_hcd: USB 1.1 'Open' Host Controller (OHCI) Driver
[   40.050047] ohci-pci: OHCI PCI platform driver
[   40.050054] ohci-platform: OHCI generic platform driver
[   40.050060] uhci_hcd: USB Universal Host Controller Interface driver
[   40.050107] i8042: PNP: PS/2 Controller [PNP0303:PS2K,PNP0f03:PS2M] at 0x60,0x64 irq 1,12
[   40.051029] ACPI: Battery Slot [BAT0] (battery present)
[   40.077639] serio: i8042 KBD port at 0x60,0x64 irq 1
[   40.077646] serio: i8042 AUX port at 0x60,0x64 irq 12
[   40.077778] mousedev: PS/2 mouse device common for all mice
[   40.078047] rtc_cmos rtc_cmos: rtc core: registered rtc_cmos as rtc0
[   40.078123] rtc_cmos rtc_cmos: alarms up to one day, 114 bytes nvram
[   40.078129] i2c /dev entries driver
[   40.078179] device-mapper: uevent: version 1.0.3
[   40.078226] device-mapper: ioctl: 4.34.0-ioctl (2015-10-28) initialised: dm-devel@redhat.com
[   40.078252] ledtrig-cpu: registered to indicate activity on CPUs
[   40.078474] NET: Registered protocol family 10
[   40.078642] NET: Registered protocol family 17
[   40.078651] Key type dns_resolver registered
[   40.122184] microcode: CPU0 sig=0x906e9, pf=0x8, revision=0x0
[   40.122242] microcode: CPU1 sig=0x906e9, pf=0x8, revision=0x0
[   40.122295] microcode: Microcode Update Driver: v2.01 <tigran@aivazian.fsnet.co.uk>, Peter Oruba
[   40.122402] registered taskstats version 1
[   40.122417] Loading compiled-in X.509 certificates
[   40.122957] Loaded X.509 cert 'Build time autogenerated kernel key: f91c6829a34a801956ec6287af569c0a1f1f8d39'
[   40.122974] zswap: loaded using pool lzo/zbud
[   40.126564] Key type trusted registered
[   40.128886] Key type encrypted registered
[   40.128891] AppArmor: AppArmor sha1 policy hashing enabled
[   40.128894] ima: No TPM chip found, activating TPM-bypass!
[   40.128910] evm: HMAC attrs: 0x1
[   40.129124]   Magic number: 13:111:714
[   40.138314] rtc_cmos rtc_cmos: setting system clock to 2017-12-01 03:44:35 UTC (1512099875)
[   40.138426] BIOS EDD facility v0.16 2004-Jun-25, 0 devices found
[   40.138426] EDD information not available.
[   40.445040] input: AT Translated Set 2 keyboard as /devices/platform/i8042/serio0/input/input2
[   44.699093] Freeing unused kernel memory: 1492K
[   44.757839] Write protecting the kernel read-only data: 14336k
[   44.853930] Freeing unused kernel memory: 1744K
[   44.884640] Freeing unused kernel memory: 108K
Loading, please [   44.920494] random: systemd-udevd: uninitialized urandom read (16 bytes read, 7 bits of entropy available)
wait...
startin[   44.921067] random: udevadm: uninitialized urandom read (16 bytes read, 7 bits of entropy available)
g version 229
[   44.921082] random: udevadm: uninitialized urandom read (16 bytes read, 7 bits of entropy available)
[   44.929502] random: udevadm: uninitialized urandom read (16 bytes read, 7 bits of entropy available)
[   44.929535] random: udevadm: uninitialized urandom read (16 bytes read, 7 bits of entropy available)
[   44.929628] random: udevadm: uninitialized urandom read (16 bytes read, 7 bits of entropy available)
[   44.929663] random: udevadm: uninitialized urandom read (16 bytes read, 7 bits of entropy available)
[   44.929695] random: udevadm: uninitialized urandom read (16 bytes read, 7 bits of entropy available)
[   44.929727] random: udevadm: uninitialized urandom read (16 bytes read, 7 bits of entropy available)
[   44.929759] random: udevadm: uninitialized urandom read (16 bytes read, 7 bits of entropy available)
[   45.749444] e1000: Intel(R) PRO/1000 Network Driver - version 7.3.21-k8-NAPI
[   45.819909] e1000: Copyright (c) 1999-2006 Intel Corporation.
[   45.909884] Fusion MPT base driver 3.04.20
[   45.939499] Copyright (c) 1999-2008 LSI Corporation
[   45.963608] Fusion MPT SPI Host driver 3.04.20
[   45.986990] AVX2 version of gcm_enc/dec engaged.
[   46.013262] AES CTR mode by8 optimization enabled
[   46.261366] input: ImExPS/2 Generic Explorer Mouse as /devices/platform/i8042/serio1/input/input4
[   46.388266] e1000 0000:00:03.0 eth0: (PCI:33MHz:32-bit) 02:f3:08:32:2c:e0
[   46.508160] e1000 0000:00:03.0 eth0: Intel(R) PRO/1000 Network Connection
[   46.578520] e1000 0000:00:03.0 enp0s3: renamed from eth0
[   46.644303] mptbase: ioc0: Initiating bringup
[   46.747738] ioc0: LSI53C1030 A0: Capabilities={Initiator}
[   46.973508] scsi host2: ioc0: LSI53C1030 A0, FwRev=00000000h, Ports=1, MaxQ=256, IRQ=20
[   47.148386] scsi 2:0:0:0: Direct-Access     VBOX     HARDDISK         1.0  PQ: 0 ANSI: 5
[   47.210645] scsi target2:0:0: Beginning Domain Validation
[   47.246662] scsi target2:0:0: Domain Validation skipping write tests
[   47.306065] scsi target2:0:0: Ending Domain Validation
[   47.319060] scsi target2:0:0: asynchronous
[   47.359790] scsi 2:0:1:0: Direct-Access     VBOX     HARDDISK         1.0  PQ: 0 ANSI: 5
[   47.425034] scsi target2:0:1: Beginning Domain Validation
[   47.470492] scsi target2:0:1: Domain Validation skipping write tests
[   47.515159] scsi target2:0:1: Ending Domain Validation
[   47.550749] scsi target2:0:1: asynchronous
[   47.587445] sd 2:0:0:0: [sda] 20971520 512-byte logical blocks: (10.7 GB/10.0 GiB)
[   47.709224] sd 2:0:0:0: Attached scsi generic sg0 type 0
[   47.740124] sd 2:0:0:0: [sda] Write Protect is off
[   47.740307] sd 2:0:1:0: [sdb] 20480 512-byte logical blocks: (10.5 MB/10.0 MiB)
[   47.740530] sd 2:0:1:0: Attached scsi generic sg1 type 0
[   48.032959] sd 2:0:1:0: [sdb] Write Protect is off
[   48.033021] sd 2:0:0:0: [sda] Incomplete mode parameter data
[   48.033022] sd 2:0:0:0: [sda] Assuming drive cache: write through
[   48.163861]  sda: sda1
[   48.164547] sd 2:0:0:0: [sda] Attached SCSI disk
[   48.195462] sd 2:0:1:0: [sdb] Incomplete mode parameter data
[   48.260326] sd 2:0:1:0: [sdb] Assuming drive cache: write through
[   48.282093] sd 2:0:1:0: [sdb] Attached SCSI disk
[   48.912006] floppy0: no floppy controllers found
Begin: Loading e[   50.485196] md: linear personality registered for level -1
ssential drivers[   50.555272] md: multipath personality registered for level -4
 ... [   50.680517] md: raid0 personality registered for level 0
[   50.747771] md: raid1 personality registered for level 1
[   50.899911] raid6: sse2x1   gen()  9323 MB/s
[   51.039794] raid6: sse2x1   xor()  6739 MB/s
[   51.195759] raid6: sse2x2   gen() 10175 MB/s
[   51.348374] raid6: sse2x2   xor()  7856 MB/s
[   51.499582] raid6: sse2x4   gen() 10023 MB/s
[   51.623952] raid6: sse2x4   xor()  8221 MB/s
[   51.751714] raid6: avx2x1   gen() 17926 MB/s
[   51.887632] raid6: avx2x2   gen() 19777 MB/s
[   51.987937] raid6: avx2x4   gen() 20194 MB/s
[   52.027092] raid6: using algorithm avx2x4 gen() 20194 MB/s
[   52.125631] raid6: using avx2x2 recovery algorithm
[   52.213632] xor: automatically using best checksumming function:
[   52.352113]    avx       : 17300.000 MB/sec
[   52.434516] async_tx: api initialized (async)
[   52.528931] md: raid6 personality registered for level 6
[   52.611511] md: raid5 personality registered for level 5
[   52.694598] md: raid4 personality registered for level 4
[   52.781233] md: raid10 personality registered for level 10
done.
Begin: Running[   52.869470] Btrfs loaded
 /scripts/init-premount ... done.
Begin: Mounti[   52.921780] EXT4-fs (sda1): mounted filesystem with ordered data mode. Opts: (null)
ng root file system ... Begin: Running /scripts/local-top ... done.
Begin: Running /scripts/local-premount ... Scanning for Btrfs filesystems
done.
Warning: fsck not present, so skipping root file system
done.
Begin: Running /scripts/local-bottom ... done.
Begin: Running /scripts/init-bottom ... done.
[   53.420623] systemd[1]: systemd 229 running in system mode. (+PAM +AUDIT +SELINUX +IMA +APPARMOR +SMACK +SYSVINIT +UTMP +LIBCRYPTSETUP +GCRYPT +GNUTLS +ACL +XZ -LZ4 +SECCOMP +BLKID +ELFUTILS +KMOD -IDN)
[   53.577262] systemd[1]: Detected virtualization oracle.
[   53.611266] systemd[1]: Detected architecture x86-64.

Welcome to [1mUbuntu 16.04.3 LTS[0m!

[   53.680229] systemd[1]: Set hostname to <ubuntu>.
[   53.740634] systemd[1]: Initializing machine ID from random generator.
[   53.788781] systemd[1]: Installed transient /etc/machine-id file.
[   53.878466] random: nonblocking pool is initialized
[   53.993066] systemd[1]: Listening on /dev/initctl Compatibility Named Pipe.
[[0;32m  OK  [0m] Listening on /dev/initctl Compatibility Named Pipe.
[   54.116377] systemd[1]: Set up automount Arbitrary Executable File Formats File System Automount Point.
[[0;32m  OK  [0m] Set up automount Arbitrary Executab...ats File System Automount Point.
[   54.264338] systemd[1]: Reached target Encrypted Volumes.
[[0;32m  OK  [0m] Reached target Encrypted Volumes.
[   54.357426] systemd[1]: Listening on udev Control Socket.
[[0;32m  OK  [0m] Listening on udev Control Socket.
[   54.504094] systemd[1]: Reached target User and Group Name Lookups.
[[0;32m  OK  [0m] Reached target User and Group Name Lookups.
[   54.586401] systemd[1]: Listening on LVM2 poll daemon socket.
[[0;32m  OK  [0m] Listening on LVM2 poll daemon socket.
[   54.760078] systemd[1]: Listening on Journal Socket (/dev/log).
[[0;32m  OK  [0m] Listening on Journal Socket (/dev/log).
[   54.844358] systemd[1]: Created slice System Slice.
[[0;32m  OK  [0m] Created slice System Slice.
[   54.972187] systemd[1]: Created slice system-serial\x2dgetty.slice.
[[0;32m  OK  [0m] Created slice system-serial\x2dgetty.slice.
[   55.192534] systemd[1]: Listening on Device-mapper event daemon FIFOs.
[[0;32m  OK  [0m] Listening on Device-mapper event daemon FIFOs.
[   55.404420] systemd[1]: Listening on Journal Audit Socket.
[[0;32m  OK  [0m] Listening on Journal Audit Socket.
[   55.576855] systemd[1]: Listening on Syslog Socket.
[[0;32m  OK  [0m] Listening on Syslog Socket.
[   55.756818] systemd[1]: Started Forward Password Requests to Wall Directory Watch.
[[0;32m  OK  [0m] Started Forward Password Requests to Wall Directory Watch.
[   55.916332] systemd[1]: Listening on Journal Socket.
[[0;32m  OK  [0m] Listening on Journal Socket.
[   56.027795] systemd[1]: Mounting Debug File System...
         Mounting Debug File System...
[   56.235944] systemd[1]: Starting Remount Root and Kernel File Systems...
[   56.260009] EXT4-fs (sda1): re-mounted. Opts: (null)
         Starting Remount Root and Kernel File Systems...
[   56.476297] systemd[1]: Starting Set console keymap...
         Starting Set console keymap...
[   56.604271] systemd[1]: Starting Create list of required static device nodes for the current kernel...
         Starting Create list of required st... nodes for the current kernel...
[   56.840020] systemd[1]: Starting Nameserver information manager...
         Starting Nameserver information manager...
[   56.967822] systemd[1]: Mounting POSIX Message Queue File System...
         Mounting POSIX Message Queue File System...
[   57.087845] systemd[1]: Starting Load Kernel Modules...
         Startin[   57.117611] Loading iSCSI transport class v2.0-870.
g Load Kernel Modules...
[   57.167299] iscsi: registered transport (tcp)
[   57.831748] systemd[1]: Starting Journal Service...
         Starting Journal Service...
[   57.944638] systemd[1]: Starting Uncomplicated firewall...
         Starting Uncomplicated firewall...
[   58.015741] systemd[1]: Mounting Huge Pages File System...
         Mounting Huge Pages File System...
[   58.093062] systemd[1]: Listening on udev Kernel Socket.
[[0;32m  OK  [0m] Listening on udev Kernel Socket.
[   58.200599] iscsi: registered transport (iser)
[   58.238147] systemd[1]: Started Trigger resolvconf update for networkd DNS.
[[0;32m  OK  [0m] Started Trigger resolvconf update for networkd DNS.
[  54027sytemd[1]: Reahe targe Sap.
[[0;32m  OK  [0m] Reached target Swap.
[ 58.854883] systemd[1] Crated sic Usr d ssn Sice.
[[0;32m  OK  [0m] Created slice User and Session Slice.
[ 59379960] systemd[1]: Reached target Slices.
[[0;32m  OK  [0m] Reached target Slices.
[ 59.6272]ysmd1]: Lstenng on LVM2 metadaa aemon socket.
[[0;32m  OK  [0m] Listening on LVM2 metadata daemon socket.
[   60.134331] systemd[1]: Starting Monitoring of LVM2 mirrors, snapshots etc. using dmeventd or progress polling...
         Starting Monitoring of LVM2 mirrors... dmeventd or progress polling...
[   60.320561] systemd[1]: Mounted POSIX Message Queue File System.
[[0;32m  OK  [0m] Mounted POSIX Message Queue File System.
[   60.459979] systemd[1]: Mounted Huge Pages File System.
[[0;32m  OK  [0m] Mounted Huge Pages File System.
[ 6060664] ste[1 Mnt Dbug File System.
[[0;32m  OK  [0m] Mounted Debug File System.
[   61.072137]systmd]: StteJonal Serice

[[0;32m  OK  [0m] Started Journal Service.
[[0;32m  OK  [0m] Started Remount Root and Kernel File Systems.
[[0;32m  OK  [0m] Started Set console keymap.
[[0;32m  OK  [0m] Started Create list of required sta...ce nodes for the current kernel.
[[0;32m  OK  [0m] Started Load Kernel Modules.
[[0;32m  OK  [0m] Started Uncomplicated firewall.
[[0;32m  OK  [0m] Started LVM2 metadata daemon.
         Mounting FUSE Control File System...
         Starting Apply Kernel Variables...
         Starting Create Static Device Nodes in /dev...
         Starting udev Coldplug all Devices...
         Starting Initial cloud-init job (pre-networking)...
         Starting Load/Save Random Seed...
         Starting Flush Journal to Persistent Storage...
[[0;32m  OK  [0m] Mounted FUSE Control File System.
[[0;32m  OK  [0m] Started Nameserver information manager.
[[0;32m  OK  [0m] Started Apply Kernel Variables.
[[0;32m  OK  [0m] Started Create Static Device Nodes in /dev.
[[0;32m  OK  [0m] Started Load/Save Random Seed.
[[0;32m  OK  [0m] Started Monitoring of LVM2 mirrors,...ng dmeventd or progress polling.
[[0;32m  OK  [0m] Started udev Coldplug all Devices.
[[0;32m  OK  [0m] Started Flush Journal to Persistent Storage.
         Starting udev Kernel Device Manager...
[[0;32m  OK  [0m] Started udev Kernel Device Manager.
[[0;32m  OK  [0m] Started Dispatch Password Requests to Console Directory Watch.
[[0;32m  OK  [0m] Reached target Local File Systems (Pre).
[[0;32m  OK  [0m] Reached target Local File Systems.
         Starting Create Volatile Files and Directories...
         Starting Set console font and keymap...
         Starting LSB: AppArmor initialization...
         Starting Tell Plymouth To Write Out Runtime Data...
         Starting Commit a transient machine-id on disk...
[[0;32m  OK  [0m] Started Create Volatile Files and Directories.
[[0;32m  OK  [0m] Started Tell Plymouth To Write Out Runtime Data.
[[0;32m  OK  [0m] Started Commit a transient machine-id on disk.
[[0;32m  OK  [0m] Found device /dev/ttyS0.
[[0;32m  OK  [0m] Listening on Load/Save RF Kill Switch Status /dev/rfkill Watch.
[[0;32m  OK  [0m] Reached target System Time Synchronized.
         Starting Update UTMP about System Boot/Shutdown...
[[0;32m  OK  [0m] Started Update UTMP about System Boot/Shutdown.
[   33.150028] cloud-init[434]: Cloud-init v. 17.1 running 'init-local' at Fri, 01 Dec 2017 03:44:59 +0000. Up 32.20 seconds.
[[0;32m  OK  [0m] Started Initial cloud-init job (pre-networking).
[[0;32m  OK  [0m] Reached target Network (Pre).
[[0;32m  OK  [0m] Started Set console font and keymap.
[[0;32m  OK  [0m] Created slice system-getty.slice.
[[0;32m  OK  [0m] Started LSB: AppArmor initialization.
         Starting Raise network interfaces...
[[0;32m  OK  [0m] Started Raise network interfaces.
[[0;32m  OK  [0m] Reached target Network.
         Starting Initial cloud-init job (metadata service crawler)...
[   37.757020] cloud-init[947]: Cloud-init v. 17.1 running 'init' at Fri, 01 Dec 2017 03:45:02 +0000. Up 35.58 seconds.
[   37.836406] cloud-init[947]: ci-info: +++++++++++++++++++++++++++++++++++++Net device info+++++++++++++++++++++++++++++++++++++
[   37.948285] cloud-init[947]: ci-info: +--------+------+---------------------------+---------------+-------+-------------------+
[[0;32m  OK  [0m] Started Initial cloud-init job (metadata service crawler).
[[0;32m  OK  [0m] Reached target System Initialization.
[[0;32m  OK  [0m] Started Daily Cleanup of Temporary Directories.
[   38.103521] cloud-init[947]: ci-info: | Device |  Up  |          Address          |      Mask     | Scope |     Hw-Address    |
[   38.472343] [cloud-init[0;32m  OK  [0m[947]: ] ci-info: +--------+------+---------------------------+---------------+-------+-------------------+Listening on ACPID Listen Socket.

[   38.672893] cloud-init[947]: ci-info: | enp0s3 | True |         10.0.2.15         | 255.255.255.0 |   .   | 02:f3:08:32:2c:e0 |
[   38.842251] cloud-init[947]: ci-info: | enp0s3 | True | fe80::f3:8ff:fe32:2ce0/64 |       .       |  link | 02:f3:08:32:2c:e0 |
[   39.036267] cloud-init[947]: ci-info: |   lo   | True |         127.0.0.1         |   255.0.0.0   |   .   |         .         |
[   39.208471] [cloud-init[0;32m  OK  [0m[947]: ] ci-info: |   lo   | True |          ::1/128          |       .       |  host |         .         |Started ACPI Events Check.

[   39.350748] [cloud-init[0;32m  OK  [0m[947]: ] ci-info: +--------+------+---------------------------+---------------+-------+-------------------+Reached target Paths.

[   39.489023] [cloud-init[0;32m  OK  [0m[947]: ] ci-info: +++++++++++++++++++++++++++Route IPv4 info++++++++++++++++++++++++++++
Started Timer to automatically refresh installed snaps.
[   39.489531] [cloud-init[0;32m  OK  [0m[947]: ] ci-info: +-------+-------------+----------+---------------+-----------+-------+Listening on UUID daemon activation socket.

[   39.825617] [cloud-init[0;32m  OK  [0m[947]: ] ci-info: | Route | Destination | Gateway  |    Genmask    | Interface | Flags |Listening on D-Bus System Message Bus Socket.

[   39.993732]          cloud-initStarting Socket activation for snappy daemon.[947]: 
ci-info: +-------+-------------+----------+---------------+-----------+-------+
[   40.152760]          cloud-initStarting LXD - unix socket.[947]: 
ci-info: |   0   |   0.0.0.0   | 10.0.2.2 |    0.0.0.0    |   enp0s3  |   UG  |
[   40.304661] [cloud-init[0;32m  OK  [0m[947]: ] ci-info: |   1   |   10.0.2.0  | 0.0.0.0  | 255.255.255.0 |   enp0s3  |   U   |Reached target Network is Online.

[   40.305072] cloud-init[947]: ci-info: +-------+-------------+----------+---------------+-----------+-------+
[   40.485374] cloud-init[947]: Generating public/private rsa key pair.
         Starting iSCSI initiator daemon (iscsid)...
[   40.504685] cloud-init[947]: Your identification has been saved in /etc/ssh/ssh_host_rsa_key.
[   40.852970] [cloud-init[0;32m  OK  [0m[947]: ] Your public key has been saved in /etc/ssh/ssh_host_rsa_key.pub.Started Daily apt download activities.

[   40.976931] [cloud-init[0;32m  OK  [0m[947]: ] The key fingerprint is:Started Daily apt upgrade and clean activities.

[[0;32m  OK  [0m] Reached target Timers.
[[0;32m  OK  [0m] Reached target Cloud-config availability.
[   40.978004] cloud-init[947]: SHA256:xHC70ycgHy/nyo7dZv6Wd2U2h7L4azFVSOyucV2ZqjE root@ubuntu-xenial
[   41.277493] [cloud-init[0;32m  OK  [0m[947]: ] The key's randomart image is:Listening on Socket activation for snappy daemon.

[   41.410207] cloud-init[947]: +---[RSA 2048]----+
[   41.444853] cloud-init[947]: |      . .    o.. |
[   41.490549] cloud-init[947]: |       + .    o .|
[   41.493270] cloud-init[947]: |      . *    . .o|
[   41.493509] cloud-init[947]: |       + *    oo.|
[[0;32m  OK  [0m] Listening on LXD - unix socket.
[   41.493545] cloud-init[947]: |        S = .o.o.|
[   41.668268] [cloud-init[0;32m  OK  [0m[947]: ] |         = E=.+.*|Reached target Sockets.

[   41.776596] [[0;32m  OK  [0m] Reached target Basic System.
cloud-init[947]: |          ..+X o+|
[   41.832627] [cloud-init[0;32m  OK  [0m[947]: ] |       + o+.* . .|Started Regular background program processing daemon.

[   41.961052] [cloud-init[0;32m  OK  [0m[947]: ] |      ..=+o=+o . |Started Deferred execution scheduler.

         Starting Apply the settings specified in cloud-config...
[   42.053256] cloud-init[947]: +----[SHA256]-----+
         Starting LSB: Record successful boot for GRUB...
[   42.182955] cloud-init[947]: Generating public/private dsa key pair.
         Starting System Logging Service...
[[0;32m  OK  [0m] Started Unattended Upgrades Shutdown.
[   42.339049] cloud-init[947]: Your identification has been saved in /etc/ssh/ssh_host_dsa_key.
[   42.464394] cloud-init[947]: Your public key has been saved in /etc/ssh/ssh_host_dsa_key.pub.
[   42.464697] cloud-init[947]: The key fingerprint is:
[[0;32m  OK  [0m] Started D-Bus System Message Bus.
[   42.464842] cloud-init[947]: SHA256:vcSL9rGUkCgcO4tiF8XXsFGkoL5ALhqsKVkMnV92As0 root@ubuntu-xenial
[   42.785761] cloud-init[947]: The key's randomart image is:
[   42.786648] cloud-init[947]: +---[DSA 1024]----+
         Starting Pollinate to seed the pseudo random number generator...
[   42.786739] cloud-init[947]: |    .+ ooo       |
[   42.945186] cloud-init[947]: | . .o.E *        |
[   42.945551] cloud-init[947]: |..o..o++..       |
         Starting Accounts Service...
[   42.946607] cloud-init[947]: |+o.o.=.+ +       |
[   43.100570] cloud-init[947]: |o+oo* . S +      |
[   43.144717] cloud-init[947]: |+=..o+   + +     |
[   43.168240] cloud-init[947]: |B..o.   o *      |
[   43.224358] cloud-init[947]: |o..    . o o     |
[   43.265154] cloud-init[947]: |          o      |
[   43.296657] cloud-init[947]: +----[SHA256]-----+
[   43.344483] cloud-init[947]: Generating public/private ecdsa key pair.
[   43.413167] cloud-init[947]: Your identification has been saved in /etc/ssh/ssh_host_ecdsa_key.
[   43.500465] cloud-init[947]: Your public key has been saved in /etc/ssh/ssh_host_ecdsa_key.pub.
[   43.600708] cloud-init[947]: The key fingerprint is:
[   43.644345] cloud-init[947]: SHA256:Lw+aTKXCnA9yKS8qKu1z7LffpCR7M4TQ6nAxoixOu6k root@ubuntu-xenial
[   43.736789] cloud-init[947]: The key's randomart image is:
[   43.796450] cloud-init[947]: +---[ECDSA 256]---+
[   43.832513] cloud-init[947]: |                 |
[   43.888989] cloud-init[947]: |                 |
[   43.928364] cloud-init[947]: |     .           |
[   43.956810] cloud-init[947]: |  . + .          |
[   43.992489] cloud-init[947]: |.. . = .S        |
[   44.036611] cloud-init[947]: |oo.ooo.o..       |
[   44.080832] cloud-init[947]: |+.+=O +.+ o      |
[   44.125348] cloud-init[947]: |oo==+*.*+B       |
[   44.168518] cloud-init[947]: |E=o=o.B+ooo      |
[[  44.196577] cloud-init[947]: +----[SHA256]-----+
[   44.242995] cloud-init[947]: Generating public/private ed25519 key pair.
         Starting Snappy daemon...
[   44.417838] cloud-init[947]: Your identification has been saved in /etc/ssh/ssh_host_ed25519_key.
[   44.596562] cloud-init[947]: Your public key has been saved in /etc/ssh/ssh_host_ed25519_key.pub.
[   44.597034] cloud-init[947]: The key fingerprint is:
[   44.597292] cloud-init[947]: SHA256:9P0OPV59M8ry8iCUt94AmIIg/oi0E4TBw1l80Kpca5I root@ubuntu-xenial
[[0;32m  OK  [0m] Started FUSE filesystem for LXC.
[   44.597324] cloud-init[947]: The key's randomart image is:
         Starting Login Service...
[   44.942928] cloud-init[947]: +--[ED25519 256]--+
[   45.041107] cloud-init[947]: |+ +oo            |
[   45.120402] cloud-init[947]: |.* . o           |
[[0;32m  OK  [0m] Started ACPI event daemon.
[   45.167313] cloud-init[944]: |oo. o   .        |
[   45.188748] cloud-init[947]: |+ .o.  .o...     |
         Starting LSB: MD monitoring daemon...
[   45.189487] cloud-init[947]: |.++... oS+...    |
         [   45.272389] Starting /etc/rc.local Compatibility...cloud-init
[947]: |oE=o  . . o .o  .|
[   45.273143] cloud-init[947]: |.+o.     . +. +o+|
[   45.385884] cloud-init[947]: |  .       oo=+.o+|
[   45.426754] cloud-init[947]: |           .=*o  |
[   45.427000] cloud-init[947]: +----[SHA256]-----+
         Starting LXD - container startup/shutdown...
[   45.428685] cloud-init[1050]: Generating locales (this might take a while)...
[   45.576577] cloud-init[1050]:   en_US.UTF-8... done
[   45.576774] cloud-init[1050]: Generation complete.
[[0;32m  OK  [0m] Started System Logging Service.
[[0;32m  OK  [0m] Started Snappy daemon.
[[0;32m  OK  [0m] Started iSCSI initiator daemon (iscsid).
[[0;32m  OK  [0m] Started Pollinate to seed the pseudo random number generator.
[[0;32m  OK  [0m] Started /etc/rc.local Compatibility.
[[0;32m  OK  [0m] Started LXD - container startup/shutdown.
[[0;32m  OK  [0m] Started LSB: Record successful boot for GRUB.
[[0;32m  OK  [0m] Started LSB: MD monitoring daemon.
         Starting Authenticate and Authorize Users to Run Privileged Tasks...
[[0;32m  OK  [0m] Stopped OpenBSD Secure Shell server.
         Starting OpenBSD Secure Shell server...
         Starting Login to default iSCSI targets...
[[0;32m  OK  [0m] Started OpenBSD Secure Shell server.
[[0;32m  OK  [0m] Started Login Service.
[[0;32m  OK  [0m] Started Authenticate and Authorize Users to Run Privileged Tasks.
[[0;32m  OK  [0m] Started Accounts Service.
[[0;32m  OK  [0m] Started Login to default iSCSI targets.
[[0;32m  OK  [0m] Reached target Remote File Systems (Pre).
[[0;32m  OK  [0m] Reached target Remote File Systems.
         Starting LSB: daemon to balance interrupts for SMP systems...
         Starting LSB: automatic crash report generation...
         Starting LSB: Set the CPU Frequency Scaling governor to "ondemand"...
[   47.199384] cloud-init[1050]: Cloud-init v. 17.1 running 'modules:config' at Fri, 01 Dec 2017 03:45:09 +0000. Up 42.29 seconds.
         Starting LSB: VirtualBox Linux Additions...
         Starting Permit User Sessions...
[[0;32m  OK  [0m] Started Apply the settings specified in cloud-config.
[[0;32m  OK  [0m] Started Permit User Sessions.
[[0;32m  OK  [0m] Started LSB: Set the CPU Frequency Scaling governor to "ondemand".
         Starting Hold until boot process finishes up...
         Starting Terminate Plymouth Boot Screen...
[[0;32m  OK  [0m] Started LSB: daemon to balance interrupts for SMP systems.
[[0;32m  OK  [0m] Started LSB: automatic crash report generation.
[[0;32m  OK  [0m] Started LSB: VirtualBox Linux Additions.
[[0;32m  OK  [0m] Started Hold until boot process finishes up.
[[0;32m  OK  [0m] Started Terminate Plymouth Boot Screen.
[[0;32m  OK  [0m] Started Getty on tty1.
         Starting Set console scheme...
[[0;32m  OK  [0m] Started Serial Getty on ttyS0.
[[0;32m  OK  [0m] Reached target Login Prompts.
[[0;32m  OK  [0m] Reached target Multi-User System.
[[0;32m  OK  [0m] Reached target Graphical Interface.
         Starting Update UTMP about System Runlevel Changes...
         Starting Execute cloud user/final scripts...
[[0;32m  OK  [0m] Started Set console scheme.
[[0;32m  OK  [0m] Started Update UTMP about System Runlevel Changes.
ci-info: no authorized ssh keys fingerprints found for user ubuntu.
<14>Dec  1 03:45:16 ec2: 
<14>Dec  1 03:45:16 ec2: #############################################################
<14>Dec  1 03:45:16 ec2: -----BEGIN SSH HOST KEY FINGERPRINTS-----
<14>Dec  1 03:45:16 ec2: 1024 SHA256:vcSL9rGUkCgcO4tiF8XXsFGkoL5ALhqsKVkMnV92As0 root@ubuntu-xenial (DSA)
<14>Dec  1 03:45:16 ec2: 256 SHA256:Lw+aTKXCnA9yKS8qKu1z7LffpCR7M4TQ6nAxoixOu6k root@ubuntu-xenial (ECDSA)
<14>Dec  1 03:45:16 ec2: 256 SHA256:9P0OPV59M8ry8iCUt94AmIIg/oi0E4TBw1l80Kpca5I root@ubuntu-xenial (ED25519)
<14>Dec  1 03:45:16 ec2: 2048 SHA256:xHC70ycgHy/nyo7dZv6Wd2U2h7L4azFVSOyucV2ZqjE root@ubuntu-xenial (RSA)
<14>Dec  1 03:45:16 ec2: -----END SSH HOST KEY FINGERPRINTS-----
<14>Dec  1 03:45:16 ec2: #############################################################
-----BEGIN SSH HOST KEY KEYS-----
ecdsa-sha2-nistp256 AAAAE2VjZHNhLXNoYTItbmlzdHAyNTYAAAAIbmlzdHAyNTYAAABBBMwBJDb319KVUHuQzZjJkztM8b05edxU18RZtlLuuEmJWJPJ7sD2q2Y6WegAHpcni4NPUr0jjZTVNg0VG9dFtOM= root@ubuntu-xenial
ssh-ed25519 AAAAC3NzaC1lZDI1NTE5AAAAIIukEwbgbIOmrD2PZWImj7ZbCxJ0UXI8ZNHP4MWNOYfc root@ubuntu-xenial
ssh-rsa AAAAB3NzaC1yc2EAAAADAQABAAABAQC7uqZ/Bpw1kKxJhqMEWHcOLBqk7Pb7l4YcGtW1kYM2unxKRvCQM3ZbzBeqEmYhaHIgQ9yYFNUUcRgCgW23jaaIpc7v/X0rsSpY/JDVb6PFiQywTgzzU0ACtsVTkXkFzYdnO8PSf0xhW3BFyJ/NegcM/6J4WZbU+fRE212AUCtuPwGxkyb2E8NVf5D/1cBOzGvx7FPzenwtLogn484oxsGQXbn1cvdC1W3wHTgZ7R6pxMVqlCgIKMzeqauhApv+YYomp54zl7fiS92HYPYO4tfqBrbuvYz6n0mQX9Fwl9KbmodjlgcXGkjSVjfiBJddk9H46mvsPNQYyxrlmNFas/kT root@ubuntu-xenial
-----END SSH HOST KEY KEYS-----
[   50.404102] cloud-init[1303]: Cloud-init v. 17.1 running 'modules:final' at Fri, 01 Dec 2017 03:45:15 +0000. Up 48.81 seconds.
[[   50.501555] cloud-init[1303]: ci-info: no authorized ssh keys fingerprints found for user ubuntu.
[   50.502665] cloud-init[1303]: Cloud-init v. 17.1 finished at Fri, 01 Dec 2017 03:45:17 +0000. Datasource DataSourceNoCloud [seed=/dev/sdb][dsmode=net].  Up 50.39 seconds
[0;32m  OK  [0m] Started Execute cloud user/final scripts.
[[0;32m  OK  [0m] Reached target Cloud-init target.

Ubuntu 16.04.3 LTS ubuntu-xenial ttyS0

ubuntu-xenial login: 